<?xml version="1.0" encoding="UTF-8"?>
<testsuite name="com.example.usercrud.presentation.controller.UserControllerTest" tests="1" skipped="0" failures="0" errors="0" timestamp="2022-05-15T04:46:07" hostname="Akzhols-MacBook-Pro.local" time="0.325">
  <properties/>
  <testcase name="should return 200 for getting existing user by email" classname="com.example.usercrud.presentation.controller.UserControllerTest" time="0.325"/>
  <system-out><![CDATA[
  .   ____          _            __ _ _
 /\\ / ___'_ __ _ _(_)_ __  __ _ \ \ \ \
( ( )\___ | '_ | '_| | '_ \/ _` | \ \ \ \
 \\/  ___)| |_)| | | | | || (_| |  ) ) ) )
  '  |____| .__|_| |_|_| |_\__, | / / / /
 =========|_|==============|___/=/_/_/_/
 :: Spring Boot ::                (v2.6.4)

10:46:03.258 [background-preinit] INFO  o.h.validator.internal.util.Version - HV000001: Hibernate Validator 6.2.0.Final
10:46:03.282 [Test worker] INFO  o.t.d.DockerClientProviderStrategy - Loaded org.testcontainers.dockerclient.UnixSocketClientProviderStrategy from ~/.testcontainers.properties, will try it first
10:46:03.518 [Test worker] INFO  o.t.d.DockerClientProviderStrategy - Found Docker environment with local Unix socket (unix:///var/run/docker.sock)
10:46:03.519 [Test worker] INFO  o.testcontainers.DockerClientFactory - Docker host IP address is localhost
10:46:03.553 [Test worker] INFO  o.testcontainers.DockerClientFactory - Connected to docker: 
  Server Version: 20.10.12
  API Version: 1.41
  Operating System: Docker Desktop
  Total Memory: 1988 MB
10:46:03.555 [Test worker] INFO  o.t.utility.ImageNameSubstitutor - Image name substitution will be performed by: DefaultImageNameSubstitutor (composite of 'ConfigurationFileImageNameSubstitutor' and 'PrefixingImageNameSubstitutor')
10:46:03.978 [Test worker] INFO  o.testcontainers.DockerClientFactory - Ryuk started - will monitor and terminate Testcontainers containers on JVM exit
10:46:03.979 [Test worker] INFO  o.testcontainers.DockerClientFactory - Checking the system...
10:46:03.979 [Test worker] INFO  o.testcontainers.DockerClientFactory - ✔︎ Docker server version should be at least 1.6.0
10:46:04.055 [Test worker] INFO  o.testcontainers.DockerClientFactory - ✔︎ Docker environment should have more than 2GB free disk space
10:46:04.071 [Test worker] INFO  ]]>&#x1f433;<![CDATA[ [postgres:latest] - Creating container for image: postgres:latest
10:46:04.102 [Test worker] INFO  ]]>&#x1f433;<![CDATA[ [postgres:latest] - Container postgres:latest is starting: ed08708a6d87ff4b4799204cb1a155cb476c942932932da2520d480aba5a843b
10:46:05.119 [Test worker] INFO  ]]>&#x1f433;<![CDATA[ [postgres:latest] - Container postgres:latest started in PT1.062805S
10:46:05.146 [Test worker] INFO  c.e.u.p.c.UserControllerTest - Starting UserControllerTest using Java 17.0.1 on Akzhols-MacBook-Pro.local with PID 11800 (started by rockkstar in /Users/rockkstar/Documents/userCRUD)
10:46:05.147 [Test worker] INFO  c.e.u.p.c.UserControllerTest - No active profile set, falling back to 1 default profile: "default"
10:46:05.497 [Test worker] INFO  o.s.d.r.c.RepositoryConfigurationDelegate - Bootstrapping Spring Data JPA repositories in DEFAULT mode.
10:46:05.519 [Test worker] INFO  o.s.d.r.c.RepositoryConfigurationDelegate - Finished Spring Data repository scanning in 17 ms. Found 1 JPA repository interfaces.
10:46:05.736 [Test worker] INFO  o.s.c.s.PostProcessorRegistrationDelegate$BeanPostProcessorChecker - Bean 'org.springframework.boot.actuate.autoconfigure.metrics.export.simple.SimpleMetricsExportAutoConfiguration' of type [org.springframework.boot.actuate.autoconfigure.metrics.export.simple.SimpleMetricsExportAutoConfiguration] is not eligible for getting processed by all BeanPostProcessors (for example: not eligible for auto-proxying)
10:46:05.743 [Test worker] INFO  o.s.c.s.PostProcessorRegistrationDelegate$BeanPostProcessorChecker - Bean 'management.metrics.export.simple-org.springframework.boot.actuate.autoconfigure.metrics.export.simple.SimpleProperties' of type [org.springframework.boot.actuate.autoconfigure.metrics.export.simple.SimpleProperties] is not eligible for getting processed by all BeanPostProcessors (for example: not eligible for auto-proxying)
10:46:05.746 [Test worker] INFO  o.s.c.s.PostProcessorRegistrationDelegate$BeanPostProcessorChecker - Bean 'simpleConfig' of type [org.springframework.boot.actuate.autoconfigure.metrics.export.simple.SimplePropertiesConfigAdapter] is not eligible for getting processed by all BeanPostProcessors (for example: not eligible for auto-proxying)
10:46:05.750 [Test worker] INFO  o.s.c.s.PostProcessorRegistrationDelegate$BeanPostProcessorChecker - Bean 'org.springframework.boot.actuate.autoconfigure.metrics.MetricsAutoConfiguration' of type [org.springframework.boot.actuate.autoconfigure.metrics.MetricsAutoConfiguration] is not eligible for getting processed by all BeanPostProcessors (for example: not eligible for auto-proxying)
10:46:05.751 [Test worker] INFO  o.s.c.s.PostProcessorRegistrationDelegate$BeanPostProcessorChecker - Bean 'micrometerClock' of type [io.micrometer.core.instrument.Clock$1] is not eligible for getting processed by all BeanPostProcessors (for example: not eligible for auto-proxying)
10:46:05.759 [Test worker] INFO  o.s.c.s.PostProcessorRegistrationDelegate$BeanPostProcessorChecker - Bean 'simpleMeterRegistry' of type [io.micrometer.core.instrument.simple.SimpleMeterRegistry] is not eligible for getting processed by all BeanPostProcessors (for example: not eligible for auto-proxying)
10:46:05.932 [Test worker] INFO  o.s.b.w.e.tomcat.TomcatWebServer - Tomcat initialized with port(s): 0 (http)
10:46:05.937 [Test worker] INFO  o.a.coyote.http11.Http11NioProtocol - Initializing ProtocolHandler ["http-nio-auto-1"]
10:46:05.937 [Test worker] INFO  o.a.catalina.core.StandardService - Starting service [Tomcat]
10:46:05.937 [Test worker] INFO  o.a.catalina.core.StandardEngine - Starting Servlet engine: [Apache Tomcat/9.0.58]
10:46:05.991 [Test worker] INFO  o.a.c.c.C.[Tomcat].[localhost].[/] - Initializing Spring embedded WebApplicationContext
10:46:05.991 [Test worker] INFO  o.s.b.w.s.c.ServletWebServerApplicationContext - Root WebApplicationContext: initialization completed in 832 ms
10:46:06.173 [Test worker] INFO  org.hibernate.Version - HHH000412: Hibernate ORM core version 5.6.5.Final
10:46:06.253 [Test worker] INFO  o.h.annotations.common.Version - HCANN000001: Hibernate Commons Annotations {5.1.2.Final}
10:46:06.300 [Test worker] INFO  com.zaxxer.hikari.HikariDataSource - HikariPool-1 - Starting...
10:46:06.425 [Test worker] INFO  com.zaxxer.hikari.HikariDataSource - HikariPool-1 - Start completed.
10:46:06.435 [Test worker] INFO  org.hibernate.dialect.Dialect - HHH000400: Using dialect: org.hibernate.dialect.H2Dialect
10:46:06.722 [Test worker] INFO  o.h.e.t.j.p.i.JtaPlatformInitiator - HHH000490: Using JtaPlatform implementation: [org.hibernate.engine.transaction.jta.platform.internal.NoJtaPlatform]
10:46:06.726 [Test worker] INFO  o.s.o.j.LocalContainerEntityManagerFactoryBean - Initialized JPA EntityManagerFactory for persistence unit 'default'
10:46:07.495 [Test worker] INFO  o.a.c.c.C.[Tomcat].[localhost].[/] - Initializing Spring TestDispatcherServlet ''
10:46:07.495 [Test worker] INFO  o.s.t.w.s.TestDispatcherServlet - Initializing Servlet ''
10:46:07.499 [Test worker] INFO  o.s.b.a.e.web.EndpointLinksResolver - Exposing 1 endpoint(s) beneath base path '/actuator'
10:46:07.510 [Test worker] INFO  o.s.t.w.s.TestDispatcherServlet - Completed initialization in 15 ms
10:46:07.532 [Test worker] INFO  o.a.coyote.http11.Http11NioProtocol - Starting ProtocolHandler ["http-nio-auto-1"]
10:46:07.538 [Test worker] INFO  o.s.b.w.e.tomcat.TomcatWebServer - Tomcat started on port(s): 64512 (http) with context path ''
10:46:07.551 [Test worker] INFO  c.e.u.p.c.UserControllerTest - Started UserControllerTest in 4.588 seconds (JVM running for 5.439)
10:46:07.666 [Test worker] INFO  c.e.u.b.config.aspect.LoggingAspect - Class name: com.example.usercrud.business.service.UserServiceImpl, method name: addUser, arguments: User(id=null, firstName=firstName, lastName=lastName, middleName=middleName, country=Kazakhstan, gender=1, email=email@email.email)
10:46:07.766 [Test worker] INFO  c.e.u.b.config.aspect.LoggingAspect - Returning value: Optional[User(id=1, firstName=firstName, lastName=lastName, middleName=middleName, country=Kazakhstan, gender=1, email=email@email.email)]
10:46:07.801 [Test worker] INFO  c.e.u.b.config.aspect.LoggingAspect - Class name: com.example.usercrud.business.service.UserServiceImpl, method name: findByEmail, arguments: email@email.email
10:46:07.811 [Test worker] INFO  c.e.u.b.config.aspect.LoggingAspect - Returning value: Optional[User(id=1, firstName=firstName, lastName=lastName, middleName=middleName, country=Kazakhstan, gender=1, email=email@email.email)]
10:46:07.813 [Test worker] INFO  c.e.u.presentation.UserController - Successfully get user with email: email@email.email
]]></system-out>
  <system-err><![CDATA[]]></system-err>
</testsuite>
